<?xml version="1.0" encoding="UTF-8"?>
<!-- Generated by org.testng.reporters.JUnitReportReporter -->
<testsuite hostname="DME-GS-SMC" failures="0" tests="1" name="trelloLogin.TrelloBoard" time="76.193" errors="0" timestamp="2023-01-07T11:22:22 IST" skipped="0">
  <testcase classname="trelloLogin.TrelloBoard" name="Execute" time="76.193"/>
  <system-out/>
</testsuite> <!-- trelloLogin.TrelloBoard -->
